  [1m[35m (164.0ms)[0m  [1m[35mCREATE TABLE "schema_migrations" ("version" varchar NOT NULL PRIMARY KEY)[0m
  [1m[35m (133.5ms)[0m  [1m[35mCREATE TABLE "ar_internal_metadata" ("key" varchar NOT NULL PRIMARY KEY, "value" varchar, "created_at" datetime NOT NULL, "updated_at" datetime NOT NULL)[0m
  [1m[36mActiveRecord::SchemaMigration Load (0.2ms)[0m  [1m[34mSELECT "schema_migrations".* FROM "schema_migrations"[0m
Migrating to CreateUsers (20170510020522)
  [1m[35m (0.1ms)[0m  [1m[36mbegin transaction[0m
  [1m[35m (1.3ms)[0m  [1m[35mCREATE TABLE "users" ("id" INTEGER PRIMARY KEY AUTOINCREMENT NOT NULL, "username" varchar, "email" varchar, "phone" integer, "address" varchar, "avatar" varchar, "role" integer, "created_at" datetime NOT NULL, "updated_at" datetime NOT NULL)[0m
  [1m[35mSQL (0.3ms)[0m  [1m[32mINSERT INTO "schema_migrations" ("version") VALUES (?)[0m  [["version", "20170510020522"]]
  [1m[35m (104.0ms)[0m  [1m[36mcommit transaction[0m
Migrating to CreateCategories (20170510020551)
  [1m[35m (0.1ms)[0m  [1m[36mbegin transaction[0m
  [1m[35m (0.5ms)[0m  [1m[35mCREATE TABLE "categories" ("id" INTEGER PRIMARY KEY AUTOINCREMENT NOT NULL, "name" varchar, "created_at" datetime NOT NULL, "updated_at" datetime NOT NULL)[0m
  [1m[35mSQL (0.2ms)[0m  [1m[32mINSERT INTO "schema_migrations" ("version") VALUES (?)[0m  [["version", "20170510020551"]]
  [1m[35m (105.8ms)[0m  [1m[36mcommit transaction[0m
Migrating to CreateArticles (20170510020612)
  [1m[35m (0.1ms)[0m  [1m[36mbegin transaction[0m
  [1m[35m (0.4ms)[0m  [1m[35mCREATE TABLE "articles" ("id" INTEGER PRIMARY KEY AUTOINCREMENT NOT NULL, "title" varchar, "content" varchar, "user_id" integer, "created_at" datetime NOT NULL, "updated_at" datetime NOT NULL)[0m
  [1m[35m (0.1ms)[0m  [1m[34mselect sqlite_version(*)[0m
  [1m[35m (0.2ms)[0m  [1m[35mCREATE  INDEX "index_articles_on_user_id" ON "articles" ("user_id")[0m
  [1m[35mSQL (0.2ms)[0m  [1m[32mINSERT INTO "schema_migrations" ("version") VALUES (?)[0m  [["version", "20170510020612"]]
  [1m[35m (174.0ms)[0m  [1m[36mcommit transaction[0m
Migrating to CreateComments (20170510020645)
  [1m[35m (0.1ms)[0m  [1m[36mbegin transaction[0m
  [1m[35m (0.7ms)[0m  [1m[35mCREATE TABLE "comments" ("id" INTEGER PRIMARY KEY AUTOINCREMENT NOT NULL, "content" varchar, "user_id" integer, "article_id" integer, "created_at" datetime NOT NULL, "updated_at" datetime NOT NULL)[0m
  [1m[35m (0.3ms)[0m  [1m[35mCREATE  INDEX "index_comments_on_user_id" ON "comments" ("user_id")[0m
  [1m[35m (0.2ms)[0m  [1m[34m            SELECT sql
            FROM sqlite_master
            WHERE name='index_comments_on_user_id' AND type='index'
            UNION ALL
            SELECT sql
            FROM sqlite_temp_master
            WHERE name='index_comments_on_user_id' AND type='index'
[0m
  [1m[35m (0.4ms)[0m  [1m[35mCREATE  INDEX "index_comments_on_article_id" ON "comments" ("article_id")[0m
  [1m[35mSQL (0.3ms)[0m  [1m[32mINSERT INTO "schema_migrations" ("version") VALUES (?)[0m  [["version", "20170510020645"]]
  [1m[35m (100.8ms)[0m  [1m[36mcommit transaction[0m
Migrating to CreateFavorites (20170510020709)
  [1m[35m (0.1ms)[0m  [1m[36mbegin transaction[0m
  [1m[35m (0.6ms)[0m  [1m[35mCREATE TABLE "favorites" ("id" INTEGER PRIMARY KEY AUTOINCREMENT NOT NULL, "user_id" integer, "article_id" integer, "created_at" datetime NOT NULL, "updated_at" datetime NOT NULL)[0m
  [1m[35m (0.3ms)[0m  [1m[35mCREATE  INDEX "index_favorites_on_user_id" ON "favorites" ("user_id")[0m
  [1m[35m (0.1ms)[0m  [1m[34m            SELECT sql
            FROM sqlite_master
            WHERE name='index_favorites_on_user_id' AND type='index'
            UNION ALL
            SELECT sql
            FROM sqlite_temp_master
            WHERE name='index_favorites_on_user_id' AND type='index'
[0m
  [1m[35m (0.2ms)[0m  [1m[35mCREATE  INDEX "index_favorites_on_article_id" ON "favorites" ("article_id")[0m
  [1m[35mSQL (0.2ms)[0m  [1m[32mINSERT INTO "schema_migrations" ("version") VALUES (?)[0m  [["version", "20170510020709"]]
  [1m[35m (104.0ms)[0m  [1m[36mcommit transaction[0m
Migrating to CreateImages (20170510020724)
  [1m[35m (0.1ms)[0m  [1m[36mbegin transaction[0m
  [1m[35m (0.4ms)[0m  [1m[35mCREATE TABLE "images" ("id" INTEGER PRIMARY KEY AUTOINCREMENT NOT NULL, "picture" varchar, "article_id" integer, "created_at" datetime NOT NULL, "updated_at" datetime NOT NULL)[0m
  [1m[35m (0.3ms)[0m  [1m[35mCREATE  INDEX "index_images_on_article_id" ON "images" ("article_id")[0m
  [1m[35mSQL (0.2ms)[0m  [1m[32mINSERT INTO "schema_migrations" ("version") VALUES (?)[0m  [["version", "20170510020724"]]
  [1m[35m (127.7ms)[0m  [1m[36mcommit transaction[0m
Migrating to CreateCategoriesArticles (20170510021844)
  [1m[35m (0.1ms)[0m  [1m[36mbegin transaction[0m
  [1m[35m (0.4ms)[0m  [1m[35mCREATE TABLE "categories_articles" ("id" INTEGER PRIMARY KEY AUTOINCREMENT NOT NULL, "category_id" integer, "article_id" integer, "created_at" datetime NOT NULL, "updated_at" datetime NOT NULL)[0m
  [1m[35m (0.3ms)[0m  [1m[35mCREATE  INDEX "index_categories_articles_on_category_id" ON "categories_articles" ("category_id")[0m
  [1m[35m (0.2ms)[0m  [1m[34m            SELECT sql
            FROM sqlite_master
            WHERE name='index_categories_articles_on_category_id' AND type='index'
            UNION ALL
            SELECT sql
            FROM sqlite_temp_master
            WHERE name='index_categories_articles_on_category_id' AND type='index'
[0m
  [1m[35m (0.3ms)[0m  [1m[35mCREATE  INDEX "index_categories_articles_on_article_id" ON "categories_articles" ("article_id")[0m
  [1m[35mSQL (0.2ms)[0m  [1m[32mINSERT INTO "schema_migrations" ("version") VALUES (?)[0m  [["version", "20170510021844"]]
  [1m[35m (139.0ms)[0m  [1m[36mcommit transaction[0m
Migrating to CreateContacts (20170510022103)
  [1m[35m (0.1ms)[0m  [1m[36mbegin transaction[0m
  [1m[35m (0.3ms)[0m  [1m[35mCREATE TABLE "contacts" ("id" INTEGER PRIMARY KEY AUTOINCREMENT NOT NULL, "username" varchar, "email" varchar, "content" varchar, "created_at" datetime NOT NULL, "updated_at" datetime NOT NULL)[0m
  [1m[35mSQL (0.2ms)[0m  [1m[32mINSERT INTO "schema_migrations" ("version") VALUES (?)[0m  [["version", "20170510022103"]]
  [1m[35m (130.9ms)[0m  [1m[36mcommit transaction[0m
Migrating to CreateRelationships (20170510022244)
  [1m[35m (0.1ms)[0m  [1m[36mbegin transaction[0m
  [1m[35m (0.7ms)[0m  [1m[35mCREATE TABLE "relationships" ("id" INTEGER PRIMARY KEY AUTOINCREMENT NOT NULL, "follower_id" integer, "followed_id" integer, "created_at" datetime NOT NULL, "updated_at" datetime NOT NULL)[0m
  [1m[35mSQL (0.2ms)[0m  [1m[32mINSERT INTO "schema_migrations" ("version") VALUES (?)[0m  [["version", "20170510022244"]]
  [1m[35m (155.7ms)[0m  [1m[36mcommit transaction[0m
  [1m[36mActiveRecord::InternalMetadata Load (0.2ms)[0m  [1m[34mSELECT  "ar_internal_metadata".* FROM "ar_internal_metadata" WHERE "ar_internal_metadata"."key" = ? LIMIT ?[0m  [["key", :environment], ["LIMIT", 1]]
  [1m[35m (0.1ms)[0m  [1m[36mbegin transaction[0m
  [1m[35mSQL (0.4ms)[0m  [1m[32mINSERT INTO "ar_internal_metadata" ("key", "value", "created_at", "updated_at") VALUES (?, ?, ?, ?)[0m  [["key", "environment"], ["value", "development"], ["created_at", 2017-05-10 02:25:09 UTC], ["updated_at", 2017-05-10 02:25:09 UTC]]
  [1m[35m (98.0ms)[0m  [1m[36mcommit transaction[0m
  [1m[36mActiveRecord::SchemaMigration Load (0.2ms)[0m  [1m[34mSELECT "schema_migrations".* FROM "schema_migrations"[0m
  [1m[35m (0.2ms)[0m  [1m[34m            SELECT sql
            FROM sqlite_master
            WHERE name='index_articles_on_user_id' AND type='index'
            UNION ALL
            SELECT sql
            FROM sqlite_temp_master
            WHERE name='index_articles_on_user_id' AND type='index'
[0m
  [1m[35m (0.1ms)[0m  [1m[34m            SELECT sql
            FROM sqlite_master
            WHERE name='index_categories_articles_on_article_id' AND type='index'
            UNION ALL
            SELECT sql
            FROM sqlite_temp_master
            WHERE name='index_categories_articles_on_article_id' AND type='index'
[0m
  [1m[35m (0.1ms)[0m  [1m[34m            SELECT sql
            FROM sqlite_master
            WHERE name='index_categories_articles_on_category_id' AND type='index'
            UNION ALL
            SELECT sql
            FROM sqlite_temp_master
            WHERE name='index_categories_articles_on_category_id' AND type='index'
[0m
  [1m[35m (0.1ms)[0m  [1m[34m            SELECT sql
            FROM sqlite_master
            WHERE name='index_comments_on_article_id' AND type='index'
            UNION ALL
            SELECT sql
            FROM sqlite_temp_master
            WHERE name='index_comments_on_article_id' AND type='index'
[0m
  [1m[35m (0.1ms)[0m  [1m[34m            SELECT sql
            FROM sqlite_master
            WHERE name='index_comments_on_user_id' AND type='index'
            UNION ALL
            SELECT sql
            FROM sqlite_temp_master
            WHERE name='index_comments_on_user_id' AND type='index'
[0m
  [1m[35m (0.1ms)[0m  [1m[34m            SELECT sql
            FROM sqlite_master
            WHERE name='index_favorites_on_article_id' AND type='index'
            UNION ALL
            SELECT sql
            FROM sqlite_temp_master
            WHERE name='index_favorites_on_article_id' AND type='index'
[0m
  [1m[35m (0.1ms)[0m  [1m[34m            SELECT sql
            FROM sqlite_master
            WHERE name='index_favorites_on_user_id' AND type='index'
            UNION ALL
            SELECT sql
            FROM sqlite_temp_master
            WHERE name='index_favorites_on_user_id' AND type='index'
[0m
  [1m[35m (0.1ms)[0m  [1m[34m            SELECT sql
            FROM sqlite_master
            WHERE name='index_images_on_article_id' AND type='index'
            UNION ALL
            SELECT sql
            FROM sqlite_temp_master
            WHERE name='index_images_on_article_id' AND type='index'
[0m
  [1m[35m (85.6ms)[0m  [1m[35mCREATE TABLE `schema_migrations` (`version` varchar(255) PRIMARY KEY) ENGINE=InnoDB[0m
  [1m[35m (84.7ms)[0m  [1m[35mCREATE TABLE `ar_internal_metadata` (`key` varchar(255) PRIMARY KEY, `value` varchar(255), `created_at` datetime NOT NULL, `updated_at` datetime NOT NULL) ENGINE=InnoDB[0m
  [1m[35m (0.2ms)[0m  [1m[34mSELECT DATABASE() as db[0m
  [1m[35m (0.2ms)[0m  [1m[34mSELECT GET_LOCK('6617535630868360695', 0);[0m
  [1m[36mActiveRecord::SchemaMigration Load (0.5ms)[0m  [1m[34mSELECT `schema_migrations`.* FROM `schema_migrations`[0m
Migrating to CreateUsers (20170510020522)
  [1m[35m (69.9ms)[0m  [1m[35mCREATE TABLE `users` (`id` int AUTO_INCREMENT PRIMARY KEY, `username` varchar(255), `email` varchar(255), `phone` int, `address` varchar(255), `avatar` varchar(255), `role` int, `created_at` datetime NOT NULL, `updated_at` datetime NOT NULL) ENGINE=InnoDB[0m
  [1m[35m (0.2ms)[0m  [1m[35mBEGIN[0m
  [1m[35mSQL (0.3ms)[0m  [1m[32mINSERT INTO `schema_migrations` (`version`) VALUES ('20170510020522')[0m
  [1m[35m (28.3ms)[0m  [1m[35mCOMMIT[0m
Migrating to CreateCategories (20170510020551)
  [1m[35m (132.5ms)[0m  [1m[35mCREATE TABLE `categories` (`id` int AUTO_INCREMENT PRIMARY KEY, `name` varchar(255), `created_at` datetime NOT NULL, `updated_at` datetime NOT NULL) ENGINE=InnoDB[0m
  [1m[35m (0.1ms)[0m  [1m[35mBEGIN[0m
  [1m[35mSQL (0.2ms)[0m  [1m[32mINSERT INTO `schema_migrations` (`version`) VALUES ('20170510020551')[0m
  [1m[35m (31.7ms)[0m  [1m[35mCOMMIT[0m
Migrating to CreateArticles (20170510020612)
  [1m[35m (70.7ms)[0m  [1m[35mCREATE TABLE `articles` (`id` int AUTO_INCREMENT PRIMARY KEY, `title` varchar(255), `content` varchar(255), `user_id` int, `created_at` datetime NOT NULL, `updated_at` datetime NOT NULL,  INDEX `index_articles_on_user_id`  (`user_id`), CONSTRAINT `fk_rails_3d31dad1cc`
FOREIGN KEY (`user_id`)
  REFERENCES `users` (`id`)
) ENGINE=InnoDB[0m
  [1m[35m (0.1ms)[0m  [1m[35mBEGIN[0m
  [1m[35mSQL (0.3ms)[0m  [1m[32mINSERT INTO `schema_migrations` (`version`) VALUES ('20170510020612')[0m
  [1m[35m (31.5ms)[0m  [1m[35mCOMMIT[0m
Migrating to CreateComments (20170510020645)
  [1m[35m (108.5ms)[0m  [1m[35mCREATE TABLE `comments` (`id` int AUTO_INCREMENT PRIMARY KEY, `content` varchar(255), `user_id` int, `article_id` int, `created_at` datetime NOT NULL, `updated_at` datetime NOT NULL,  INDEX `index_comments_on_user_id`  (`user_id`),  INDEX `index_comments_on_article_id`  (`article_id`), CONSTRAINT `fk_rails_03de2dc08c`
FOREIGN KEY (`user_id`)
  REFERENCES `users` (`id`)
, CONSTRAINT `fk_rails_3bf61a60d3`
FOREIGN KEY (`article_id`)
  REFERENCES `articles` (`id`)
) ENGINE=InnoDB[0m
  [1m[35m (0.2ms)[0m  [1m[35mBEGIN[0m
  [1m[35mSQL (0.4ms)[0m  [1m[32mINSERT INTO `schema_migrations` (`version`) VALUES ('20170510020645')[0m
  [1m[35m (41.3ms)[0m  [1m[35mCOMMIT[0m
Migrating to CreateFavorites (20170510020709)
  [1m[35m (119.9ms)[0m  [1m[35mCREATE TABLE `favorites` (`id` int AUTO_INCREMENT PRIMARY KEY, `user_id` int, `article_id` int, `created_at` datetime NOT NULL, `updated_at` datetime NOT NULL,  INDEX `index_favorites_on_user_id`  (`user_id`),  INDEX `index_favorites_on_article_id`  (`article_id`), CONSTRAINT `fk_rails_d15744e438`
FOREIGN KEY (`user_id`)
  REFERENCES `users` (`id`)
, CONSTRAINT `fk_rails_00f2e522fe`
FOREIGN KEY (`article_id`)
  REFERENCES `articles` (`id`)
) ENGINE=InnoDB[0m
  [1m[35m (0.2ms)[0m  [1m[35mBEGIN[0m
  [1m[35mSQL (0.3ms)[0m  [1m[32mINSERT INTO `schema_migrations` (`version`) VALUES ('20170510020709')[0m
  [1m[35m (42.1ms)[0m  [1m[35mCOMMIT[0m
Migrating to CreateImages (20170510020724)
  [1m[35m (75.9ms)[0m  [1m[35mCREATE TABLE `images` (`id` int AUTO_INCREMENT PRIMARY KEY, `picture` varchar(255), `article_id` int, `created_at` datetime NOT NULL, `updated_at` datetime NOT NULL,  INDEX `index_images_on_article_id`  (`article_id`), CONSTRAINT `fk_rails_028d35b473`
FOREIGN KEY (`article_id`)
  REFERENCES `articles` (`id`)
) ENGINE=InnoDB[0m
  [1m[35m (0.1ms)[0m  [1m[35mBEGIN[0m
  [1m[35mSQL (0.2ms)[0m  [1m[32mINSERT INTO `schema_migrations` (`version`) VALUES ('20170510020724')[0m
  [1m[35m (42.8ms)[0m  [1m[35mCOMMIT[0m
Migrating to CreateCategoriesArticles (20170510021844)
  [1m[35m (120.6ms)[0m  [1m[35mCREATE TABLE `categories_articles` (`id` int AUTO_INCREMENT PRIMARY KEY, `category_id` int, `article_id` int, `created_at` datetime NOT NULL, `updated_at` datetime NOT NULL,  INDEX `index_categories_articles_on_category_id`  (`category_id`),  INDEX `index_categories_articles_on_article_id`  (`article_id`), CONSTRAINT `fk_rails_61ff9d7815`
FOREIGN KEY (`category_id`)
  REFERENCES `categories` (`id`)
, CONSTRAINT `fk_rails_d5cb316600`
FOREIGN KEY (`article_id`)
  REFERENCES `articles` (`id`)
) ENGINE=InnoDB[0m
  [1m[35m (0.1ms)[0m  [1m[35mBEGIN[0m
  [1m[35mSQL (0.2ms)[0m  [1m[32mINSERT INTO `schema_migrations` (`version`) VALUES ('20170510021844')[0m
  [1m[35m (42.9ms)[0m  [1m[35mCOMMIT[0m
Migrating to CreateContacts (20170510022103)
  [1m[35m (76.6ms)[0m  [1m[35mCREATE TABLE `contacts` (`id` int AUTO_INCREMENT PRIMARY KEY, `username` varchar(255), `email` varchar(255), `content` varchar(255), `created_at` datetime NOT NULL, `updated_at` datetime NOT NULL) ENGINE=InnoDB[0m
  [1m[35m (0.2ms)[0m  [1m[35mBEGIN[0m
  [1m[35mSQL (0.2ms)[0m  [1m[32mINSERT INTO `schema_migrations` (`version`) VALUES ('20170510022103')[0m
  [1m[35m (42.9ms)[0m  [1m[35mCOMMIT[0m
Migrating to CreateRelationships (20170510022244)
  [1m[35m (76.9ms)[0m  [1m[35mCREATE TABLE `relationships` (`id` int AUTO_INCREMENT PRIMARY KEY, `follower_id` int, `followed_id` int, `created_at` datetime NOT NULL, `updated_at` datetime NOT NULL) ENGINE=InnoDB[0m
  [1m[35m (0.1ms)[0m  [1m[35mBEGIN[0m
  [1m[35mSQL (0.2ms)[0m  [1m[32mINSERT INTO `schema_migrations` (`version`) VALUES ('20170510022244')[0m
  [1m[35m (42.9ms)[0m  [1m[35mCOMMIT[0m
  [1m[36mActiveRecord::InternalMetadata Load (0.3ms)[0m  [1m[34mSELECT  `ar_internal_metadata`.* FROM `ar_internal_metadata` WHERE `ar_internal_metadata`.`key` = 'environment' LIMIT 1[0m
  [1m[35m (0.1ms)[0m  [1m[35mBEGIN[0m
  [1m[35mSQL (0.2ms)[0m  [1m[32mINSERT INTO `ar_internal_metadata` (`key`, `value`, `created_at`, `updated_at`) VALUES ('environment', 'development', '2017-05-10 02:28:49', '2017-05-10 02:28:49')[0m
  [1m[35m (35.1ms)[0m  [1m[35mCOMMIT[0m
  [1m[35m (0.2ms)[0m  [1m[34mSELECT RELEASE_LOCK('6617535630868360695')[0m
  [1m[36mActiveRecord::SchemaMigration Load (0.2ms)[0m  [1m[34mSELECT `schema_migrations`.* FROM `schema_migrations`[0m
  [1m[35m (0.3ms)[0m  [1m[35mSHOW CREATE TABLE `articles`[0m
  [1m[35m (0.6ms)[0m  [1m[35mSHOW TABLE STATUS LIKE 'articles'[0m
  [1m[35m (0.1ms)[0m  [1m[35mSHOW CREATE TABLE `categories`[0m
  [1m[35m (0.3ms)[0m  [1m[35mSHOW TABLE STATUS LIKE 'categories'[0m
  [1m[35m (0.2ms)[0m  [1m[35mSHOW CREATE TABLE `categories_articles`[0m
  [1m[35m (0.2ms)[0m  [1m[35mSHOW CREATE TABLE `comments`[0m
  [1m[35m (0.3ms)[0m  [1m[35mSHOW TABLE STATUS LIKE 'comments'[0m
  [1m[35m (0.2ms)[0m  [1m[35mSHOW CREATE TABLE `contacts`[0m
  [1m[35m (0.3ms)[0m  [1m[35mSHOW TABLE STATUS LIKE 'contacts'[0m
  [1m[35m (0.2ms)[0m  [1m[35mSHOW CREATE TABLE `favorites`[0m
  [1m[35m (0.1ms)[0m  [1m[35mSHOW CREATE TABLE `images`[0m
  [1m[35m (0.3ms)[0m  [1m[35mSHOW TABLE STATUS LIKE 'images'[0m
  [1m[35m (0.1ms)[0m  [1m[35mSHOW CREATE TABLE `relationships`[0m
  [1m[35m (0.1ms)[0m  [1m[35mSHOW CREATE TABLE `users`[0m
  [1m[35m (0.3ms)[0m  [1m[35mSHOW TABLE STATUS LIKE 'users'[0m
  [1m[36mCategory Load (0.4ms)[0m  [1m[34mSELECT  `categories`.* FROM `categories` ORDER BY `categories`.`id` ASC LIMIT 1[0m
  [1m[36mCategory Load (0.2ms)[0m  [1m[34mSELECT  `categories`.* FROM `categories` ORDER BY `categories`.`id` ASC LIMIT 1[0m
  [1m[36mCategory Load (0.2ms)[0m  [1m[34mSELECT  `categories`.* FROM `categories` ORDER BY `categories`.`id` ASC LIMIT 1[0m
  [1m[36mCategory Load (0.1ms)[0m  [1m[34mSELECT  `categories`.* FROM `categories` ORDER BY `categories`.`id` ASC LIMIT 1[0m
  [1m[36mArticle Load (0.6ms)[0m  [1m[34mSELECT `articles`.* FROM `articles` INNER JOIN `categories_articles` ON `articles`.`id` = `categories_articles`.`article_id` WHERE `categories_articles`.`category_id` = 1[0m
  [1m[36mCategoriesArticle Load (0.5ms)[0m  [1m[34mSELECT  `categories_articles`.* FROM `categories_articles` ORDER BY `categories_articles`.`id` ASC LIMIT 1[0m
  [1m[35m (0.6ms)[0m  [1m[34mSELECT COUNT(*) FROM `categories_articles`[0m
  [1m[35m (0.1ms)[0m  [1m[35mBEGIN[0m
  [1m[36mUser Exists (0.4ms)[0m  [1m[34mSELECT  1 AS one FROM `users` WHERE `users`.`email` = BINARY 'lvtho1291@gmail.com' LIMIT 1[0m
  [1m[35mSQL (0.2ms)[0m  [1m[32mINSERT INTO `users` (`username`, `email`, `created_at`, `updated_at`) VALUES ('asd', 'lvtho1291@gmail.com', '2017-05-10 02:58:00', '2017-05-10 02:58:00')[0m
  [1m[35m (40.9ms)[0m  [1m[35mCOMMIT[0m
  [1m[35m (0.3ms)[0m  [1m[35mBEGIN[0m
  [1m[36mUser Exists (0.6ms)[0m  [1m[34mSELECT  1 AS one FROM `users` WHERE `users`.`email` = BINARY 'lvtho1291gmail.com' LIMIT 1[0m
  [1m[35m (0.2ms)[0m  [1m[31mROLLBACK[0m
  [1m[35m (0.3ms)[0m  [1m[35mBEGIN[0m
  [1m[36mUser Exists (0.3ms)[0m  [1m[34mSELECT  1 AS one FROM `users` WHERE `users`.`email` = BINARY 'lvtho1291gmail.com' LIMIT 1[0m
  [1m[35m (0.2ms)[0m  [1m[31mROLLBACK[0m
  [1m[35m (0.1ms)[0m  [1m[35mBEGIN[0m
  [1m[36mUser Exists (0.3ms)[0m  [1m[34mSELECT  1 AS one FROM `users` WHERE `users`.`email` = BINARY 'lvtho1291@gmail.com' LIMIT 1[0m
  [1m[35m (0.1ms)[0m  [1m[31mROLLBACK[0m
  [1m[35m (0.1ms)[0m  [1m[35mBEGIN[0m
  [1m[36mUser Exists (0.1ms)[0m  [1m[34mSELECT  1 AS one FROM `users` WHERE `users`.`email` = BINARY 'lvtho1291@gmail.com' LIMIT 1[0m
  [1m[35m (0.1ms)[0m  [1m[31mROLLBACK[0m
  [1m[35m (0.2ms)[0m  [1m[35mBEGIN[0m
  [1m[36mUser Exists (0.2ms)[0m  [1m[34mSELECT  1 AS one FROM `users` WHERE `users`.`email` = BINARY 'lvtho1291@gmail.com' LIMIT 1[0m
  [1m[35m (0.2ms)[0m  [1m[31mROLLBACK[0m
  [1m[35m (0.1ms)[0m  [1m[35mBEGIN[0m
  [1m[36mUser Exists (0.2ms)[0m  [1m[34mSELECT  1 AS one FROM `users` WHERE `users`.`email` = BINARY 'lvtho1291@gmail.com' LIMIT 1[0m
  [1m[35m (0.1ms)[0m  [1m[31mROLLBACK[0m
  [1m[35m (0.2ms)[0m  [1m[35mBEGIN[0m
  [1m[36mUser Exists (0.2ms)[0m  [1m[34mSELECT  1 AS one FROM `users` WHERE `users`.`email` = BINARY 'lvtho1291@gmail.com' LIMIT 1[0m
  [1m[35m (0.2ms)[0m  [1m[31mROLLBACK[0m
  [1m[35m (0.1ms)[0m  [1m[35mBEGIN[0m
  [1m[36mUser Exists (0.4ms)[0m  [1m[34mSELECT  1 AS one FROM `users` WHERE `users`.`email` = BINARY 'lvtho1291a@gmail.com' LIMIT 1[0m
  [1m[35mSQL (0.3ms)[0m  [1m[32mINSERT INTO `users` (`username`, `email`, `phone`, `created_at`, `updated_at`) VALUES ('asd', 'lvtho1291a@gmail.com', 123, '2017-05-10 03:06:17', '2017-05-10 03:06:17')[0m
  [1m[35m (90.3ms)[0m  [1m[35mCOMMIT[0m
  [1m[35m (0.2ms)[0m  [1m[35mBEGIN[0m
  [1m[36mUser Exists (0.3ms)[0m  [1m[34mSELECT  1 AS one FROM `users` WHERE `users`.`email` = BINARY 'lvtho129a1a@gmail.com' LIMIT 1[0m
  [1m[35m (0.1ms)[0m  [1m[31mROLLBACK[0m
  [1m[35m (0.2ms)[0m  [1m[35mBEGIN[0m
  [1m[36mUser Exists (0.3ms)[0m  [1m[34mSELECT  1 AS one FROM `users` WHERE `users`.`email` = BINARY 'lvtho12aa91@gmail.com' LIMIT 1[0m
  [1m[35m (0.2ms)[0m  [1m[31mROLLBACK[0m
  [1m[35m (0.2ms)[0m  [1m[35mBEGIN[0m
  [1m[36mUser Exists (0.2ms)[0m  [1m[34mSELECT  1 AS one FROM `users` WHERE `users`.`email` = BINARY 'lvtho12aa91@gmail.com' LIMIT 1[0m
  [1m[35mSQL (0.3ms)[0m  [1m[32mINSERT INTO `users` (`username`, `email`, `phone`, `created_at`, `updated_at`) VALUES ('asd', 'lvtho12aa91@gmail.com', 1, '2017-05-10 03:07:00', '2017-05-10 03:07:00')[0m
  [1m[35m (47.7ms)[0m  [1m[35mCOMMIT[0m
  [1m[35m (0.2ms)[0m  [1m[35mBEGIN[0m
  [1m[36mUser Exists (0.5ms)[0m  [1m[34mSELECT  1 AS one FROM `users` WHERE `users`.`email` = BINARY 'lvtho12asa91@gmail.com' LIMIT 1[0m
  [1m[35mSQL (0.4ms)[0m  [1m[32mINSERT INTO `users` (`username`, `email`, `phone`, `created_at`, `updated_at`) VALUES ('asd', 'lvtho12asa91@gmail.com', 0, '2017-05-10 03:07:07', '2017-05-10 03:07:07')[0m
  [1m[35m (55.4ms)[0m  [1m[35mCOMMIT[0m
